<?xml version="1.0" encoding="UTF-8"?>
<testng-results skipped="0" failed="0" ignored="0" total="1" passed="1">
  <reporter-output>
  </reporter-output>
  <suite name="Default suite" duration-ms="53614" started-at="2020-03-12T23:27:41 IST" finished-at="2020-03-12T23:28:35 IST">
    <groups>
    </groups>
    <test name="Default test" duration-ms="53614" started-at="2020-03-12T23:27:41 IST" finished-at="2020-03-12T23:28:35 IST">
      <class name="com.testcases.TestCases">
        <test-method status="PASS" signature="lanchbrowserDetails()[pri:0, instance:com.testcases.TestCases@7d70d1b1]" name="lanchbrowserDetails" is-config="true" duration-ms="17566" started-at="2020-03-12T23:27:41 IST" finished-at="2020-03-12T23:27:59 IST">
          <reporter-output>
          </reporter-output>
        </test-method> <!-- lanchbrowserDetails -->
        <test-method status="PASS" signature="testcase(java.lang.String, java.lang.String, java.lang.String)[pri:0, instance:com.testcases.TestCases@7d70d1b1]" name="testcase" duration-ms="33715" started-at="2020-03-12T23:28:01 IST" data-provider="td" finished-at="2020-03-12T23:28:35 IST">
          <params>
            <param index="0">
              <value>
                <![CDATA[xyz]]>
              </value>
            </param>
            <param index="1">
              <value>
                <![CDATA[abc77028282488]]>
              </value>
            </param>
            <param index="2">
              <value>
                <![CDATA[what are the new deals ]]>
              </value>
            </param>
          </params>
          <reporter-output>
          </reporter-output>
        </test-method> <!-- testcase -->
        <test-method status="PASS" signature="closeSession()[pri:0, instance:com.testcases.TestCases@7d70d1b1]" name="closeSession" is-config="true" duration-ms="258" started-at="2020-03-12T23:28:35 IST" finished-at="2020-03-12T23:28:35 IST">
          <reporter-output>
          </reporter-output>
        </test-method> <!-- closeSession -->
      </class> <!-- com.testcases.TestCases -->
    </test> <!-- Default test -->
  </suite> <!-- Default suite -->
</testng-results>
